L 04/15/2015 - 06:31:30: SourceMod log file session started (file "L20150415.log") (Version "1.7.0")
L 04/15/2015 - 06:31:30: -------- Mapchange to c1m1_hotel --------
L 04/15/2015 - 06:32:02: Log file closed.
L 04/15/2015 - 06:39:58: SourceMod log file session started (file "L20150415.log") (Version "1.7.0")
L 04/15/2015 - 06:39:58: -------- Mapchange to c1m1_hotel --------
L 04/15/2015 - 06:40:19: Log file closed.
L 04/15/2015 - 07:10:31: SourceMod log file session started (file "L20150415.log") (Version "1.7.0")
L 04/15/2015 - 07:10:31: -------- Mapchange to c1m1_hotel --------
L 04/15/2015 - 07:10:54: -------- Mapchange to c1m1_hotel --------
L 04/15/2015 - 07:10:56: [UPDATER] Successfully updated gamedata file "core.games/blacklist.plugins.txt"
L 04/15/2015 - 07:10:56: [UPDATER] Successfully updated gamedata file "sm-tf2.games.txt"
L 04/15/2015 - 07:10:56: [UPDATER] Successfully updated gamedata file "sdktools.games/engine.l4d2.txt"
L 04/15/2015 - 07:10:56: [UPDATER] Successfully updated gamedata file "sdktools.games/engine.ep2valve.txt"
L 04/15/2015 - 07:10:56: [UPDATER] Successfully updated gamedata file "sdktools.games/game.nucleardawn.txt"
L 04/15/2015 - 07:10:56: [UPDATER] Successfully updated gamedata file "sdktools.games/engine.l4d.txt"
L 04/15/2015 - 07:10:56: [UPDATER] Successfully updated gamedata file "sdktools.games/engine.ep1.txt"
L 04/15/2015 - 07:10:56: [UPDATER] Successfully updated gamedata file "sdktools.games/engine.csgo.txt"
L 04/15/2015 - 07:10:56: [UPDATER] Successfully updated gamedata file "sdktools.games/engine.sdk2013.txt"
L 04/15/2015 - 07:10:56: [UPDATER] Successfully updated gamedata file "sdktools.games/engine.ep2.txt"
L 04/15/2015 - 07:10:56: [UPDATER] Successfully updated gamedata file "sdktools.games/engine.contagion.txt"
L 04/15/2015 - 07:10:56: [UPDATER] Successfully updated gamedata file "sdktools.games/engine.blade.txt"
L 04/15/2015 - 07:10:56: [UPDATER] Successfully updated gamedata file "sdktools.games/engine.swarm.txt"
L 04/15/2015 - 07:10:56: [UPDATER] Successfully updated gamedata file "sdktools.games/engine.darkm.txt"
L 04/15/2015 - 07:10:56: [UPDATER] Successfully updated gamedata file "sdktools.games/game.ff.txt"
L 04/15/2015 - 07:10:56: [UPDATER] Successfully updated gamedata file "sdktools.games/engine.css.txt"
L 04/15/2015 - 07:10:56: [UPDATER] Successfully updated gamedata file "sdktools.games/engine.bgt.txt"
L 04/15/2015 - 07:10:56: [UPDATER] Successfully updated gamedata file "sdktools.games/engine.eye.txt"
L 04/15/2015 - 07:10:56: [UPDATER] Successfully updated gamedata file "sdktools.games/engine.insurgency.txt"
L 04/15/2015 - 07:10:56: [UPDATER] Successfully updated gamedata file "sdktools.games/engine.dota.txt"
L 04/15/2015 - 07:10:56: [UPDATER] SourceMod has been updated, please reload it or restart your server.
L 04/15/2015 - 07:12:19: Log file closed.
L 04/15/2015 - 09:04:09: SourceMod log file session started (file "L20150415.log") (Version "1.7.0")
L 04/15/2015 - 09:04:09: -------- Mapchange to c1m1_hotel --------
L 04/15/2015 - 09:04:43: -------- Mapchange to c1m1_hotel --------
L 04/15/2015 - 09:05:28: Log file closed.
L 04/15/2015 - 09:06:28: SourceMod log file session started (file "L20150415.log") (Version "1.7.0")
L 04/15/2015 - 09:06:28: -------- Mapchange to c1m1_hotel --------
L 04/15/2015 - 09:06:54: -------- Mapchange to c1m1_hotel --------
L 04/15/2015 - 09:11:52: Log file closed.
L 04/15/2015 - 09:13:55: SourceMod log file session started (file "L20150415.log") (Version "1.7.0")
L 04/15/2015 - 09:13:55: -------- Mapchange to c1m1_hotel --------
L 04/15/2015 - 09:14:31: Log file closed.
L 04/15/2015 - 09:15:25: SourceMod log file session started (file "L20150415.log") (Version "1.7.0")
L 04/15/2015 - 09:15:25: -------- Mapchange to c1m1_hotel --------
L 04/15/2015 - 09:15:39: Log file closed.
L 04/15/2015 - 09:19:29: SourceMod log file session started (file "L20150415.log") (Version "1.7.0")
L 04/15/2015 - 09:19:29: -------- Mapchange to c1m1_hotel --------
L 04/15/2015 - 09:20:32: Log file closed.
L 04/15/2015 - 09:23:04: SourceMod log file session started (file "L20150415.log") (Version "1.7.0")
L 04/15/2015 - 09:23:04: -------- Mapchange to c1m1_hotel --------
L 04/15/2015 - 09:24:59: -------- Mapchange to c1m1_hotel --------
L 04/15/2015 - 09:30:11: Log file closed.
L 04/15/2015 - 16:15:05: SourceMod log file session started (file "L20150415.log") (Version "1.7.0")
L 04/15/2015 - 16:15:05: -------- Mapchange to c1m1_hotel --------
L 04/15/2015 - 16:15:29: -------- Mapchange to c1m1_hotel --------
L 04/15/2015 - 16:20:54: [DefibFix] Save player(4) pos: 2066.600830 4488.705078 1184.031250
L 04/15/2015 - 16:24:45: [DefibFix] Save player(1) pos: 1955.807251 4573.402344 1184.031250
L 04/15/2015 - 16:25:13: Log file closed.
L 04/15/2015 - 16:43:13: SourceMod log file session started (file "L20150415.log") (Version "1.7.0")
L 04/15/2015 - 16:43:13: -------- Mapchange to c1m1_hotel --------
L 04/15/2015 - 16:43:45: -------- Mapchange to c1m1_hotel --------
L 04/15/2015 - 16:45:44: Log file closed.
L 04/15/2015 - 16:51:00: SourceMod log file session started (file "L20150415.log") (Version "1.7.0")
L 04/15/2015 - 16:51:00: -------- Mapchange to c1m1_hotel --------
L 04/15/2015 - 16:52:54: Log file closed.
L 04/15/2015 - 16:59:53: SourceMod log file session started (file "L20150415.log") (Version "1.7.0")
L 04/15/2015 - 16:59:53: -------- Mapchange to c1m1_hotel --------
L 04/15/2015 - 17:00:49: -------- Mapchange to c1m1_hotel --------
L 04/15/2015 - 17:00:58: [randomcycle.smx] RandomCycle has chosen c1m4_atrium for the nextmap.
L 04/15/2015 - 17:17:47: Log file closed.
L 04/15/2015 - 17:31:20: SourceMod log file session started (file "L20150415.log") (Version "1.7.0")
L 04/15/2015 - 17:31:20: -------- Mapchange to c1m1_hotel --------
L 04/15/2015 - 17:31:52: -------- Mapchange to c1m1_hotel --------
L 04/15/2015 - 17:32:01: [randomcycle.smx] RandomCycle has chosen c3m2_swamp for the nextmap.
L 04/15/2015 - 17:34:00: [DefibFix] Save player(3) pos: 1728.108887 7492.071289 2464.031250
L 04/15/2015 - 17:36:51: [SM] Changed map to "c3m2_swamp"
L 04/15/2015 - 17:36:59: -------- Mapchange to c3m2_swamp --------
L 04/15/2015 - 17:37:12: [randomcycle.smx] RandomCycle has chosen c10m4_mainstreet for the nextmap.
L 04/15/2015 - 17:42:07: [BugFixes] WitchAttack created for client RabidPancakes.
L 04/15/2015 - 17:42:07: [BugFixes] WitchAttack char=0.
L 04/15/2015 - 17:42:44: [BugFixes] WitchAttack created for client RabidPancakes.
L 04/15/2015 - 17:42:44: [BugFixes] WitchAttack char=-357128192.
L 04/15/2015 - 17:44:10: [SM] Changed map to "c10m4_mainstreet"
L 04/15/2015 - 17:44:14: -------- Mapchange to c10m4_mainstreet --------
L 04/15/2015 - 17:44:24: [randomcycle.smx] RandomCycle has chosen c1m4_atrium for the nextmap.
L 04/15/2015 - 17:45:27: Log file closed.
L 04/15/2015 - 17:46:14: SourceMod log file session started (file "L20150415.log") (Version "1.7.0")
L 04/15/2015 - 17:46:14: -------- Mapchange to c1m1_hotel --------
L 04/15/2015 - 17:48:34: -------- Mapchange to c1m1_hotel --------
L 04/15/2015 - 17:52:46: Log file closed.
L 04/15/2015 - 17:55:23: SourceMod log file session started (file "L20150415.log") (Version "1.7.0")
L 04/15/2015 - 17:55:23: -------- Mapchange to c1m1_hotel --------
L 04/15/2015 - 17:55:46: -------- Mapchange to c1m1_hotel --------
L 04/15/2015 - 18:00:17: Log file closed.
L 04/15/2015 - 18:00:55: SourceMod log file session started (file "L20150415.log") (Version "1.7.0")
L 04/15/2015 - 18:00:55: -------- Mapchange to c1m1_hotel --------
L 04/15/2015 - 18:07:32: [DefibFix] Save player(3) pos: 702.052612 5776.625488 2847.986816
L 04/15/2015 - 18:07:48: Log file closed.
L 04/15/2015 - 18:07:55: SourceMod log file session started (file "L20150415.log") (Version "1.7.0")
L 04/15/2015 - 18:07:55: -------- Mapchange to c1m1_hotel --------
L 04/15/2015 - 18:09:22: -------- Mapchange to c1m1_hotel --------
L 04/15/2015 - 18:12:52: Log file closed.
L 04/15/2015 - 18:13:42: SourceMod log file session started (file "L20150415.log") (Version "1.7.0")
L 04/15/2015 - 18:13:42: -------- Mapchange to c1m1_hotel --------
L 04/15/2015 - 18:24:21: [funcommands.smx] "Console<0><Console><Console>" toggled noclip on "RabidPancakes<45><STEAM_1:1:17626187><>"
L 04/15/2015 - 18:24:45: [funcommands.smx] "Console<0><Console><Console>" toggled noclip on "RabidPancakes<45><STEAM_1:1:17626187><>"
L 04/15/2015 - 18:25:14: -------- Mapchange to c1m2_streets --------
L 04/15/2015 - 18:26:23: [funcommands.smx] "Console<0><Console><Console>" toggled noclip on "RabidPancakes<45><STEAM_1:1:17626187><>"
L 04/15/2015 - 18:26:43: [DefibFix] Save player(2) pos: 1760.418945 3128.445557 576.031250
L 04/15/2015 - 18:26:58: [DefibFix] Save player(3) pos: 1576.921021 3116.269287 576.031250
L 04/15/2015 - 18:27:13: [DefibFix] Save player(1) pos: 1207.401367 3121.027344 576.031250
L 04/15/2015 - 18:29:52: [funcommands.smx] "Console<0><Console><Console>" toggled noclip on "MayleighRae<89><STEAM_1:1:59317550><>"
L 04/15/2015 - 18:29:57: [funcommands.smx] "Console<0><Console><Console>" toggled noclip on "RabidPancakes<45><STEAM_1:1:17626187><>"
L 04/15/2015 - 18:30:08: [funcommands.smx] "Console<0><Console><Console>" toggled noclip on "RabidPancakes<45><STEAM_1:1:17626187><>"
L 04/15/2015 - 18:30:18: [DefibFix] Save player(3) pos: 1739.649048 4717.780762 448.031250
L 04/15/2015 - 18:30:19: [funcommands.smx] "Console<0><Console><Console>" toggled noclip on "RabidPancakes<45><STEAM_1:1:17626187><>"
L 04/15/2015 - 18:31:19: [BugFixes] WitchAttack created for client MayleighRae.
L 04/15/2015 - 18:31:19: [BugFixes] WitchAttack char=-1085899412.
L 04/15/2015 - 18:31:36: [DefibFix] Save player(2) pos: 1940.047729 4891.968750 448.031250
L 04/15/2015 - 18:31:57: [funcommands.smx] "Console<0><Console><Console>" toggled noclip on "RabidPancakes<45><STEAM_1:1:17626187><>"
L 04/15/2015 - 18:31:58: [funcommands.smx] "Console<0><Console><Console>" toggled noclip on "MayleighRae<89><STEAM_1:1:59317550><>"
L 04/15/2015 - 18:32:12: -------- Mapchange to c1m3_mall --------
L 04/15/2015 - 18:33:03: [basecommands.smx] "Console<0><Console><Console>" changed map to "c1m4_atrium"
L 04/15/2015 - 18:33:06: [SM] Changed map to "c1m4_atrium"
L 04/15/2015 - 18:33:08: -------- Mapchange to c1m4_atrium --------
L 04/15/2015 - 18:34:26: [funcommands.smx] "Console<0><Console><Console>" toggled noclip on "RabidPancakes<45><STEAM_1:1:17626187><>"
L 04/15/2015 - 18:36:06: [funcommands.smx] "Console<0><Console><Console>" toggled noclip on "RabidPancakes<45><STEAM_1:1:17626187><>"
L 04/15/2015 - 18:36:08: [DefibFix] Save player(4) pos: -3916.928467 -3659.839111 0.031250
L 04/15/2015 - 18:36:21: [DefibFix] Save player(2) pos: -3934.002930 -3738.751465 0.031250
L 04/15/2015 - 18:36:59: [funcommands.smx] "Console<0><Console><Console>" toggled noclip on "RabidPancakes<45><STEAM_1:1:17626187><>"
L 04/15/2015 - 18:41:37: [BugFixes] VenchicleLeaving 2
L 04/15/2015 - 18:42:57: -------- Mapchange to c6m1_riverbank --------
L 04/15/2015 - 18:44:18: [BugFixes] WitchAttack created for client Coach.
L 04/15/2015 - 18:44:18: [BugFixes] WitchAttack char=0.
L 04/15/2015 - 18:45:38: [DefibFix] Save player(4) pos: 2944.185303 1213.440674 236.760941
L 04/15/2015 - 18:46:03: [BugFixes] WitchAttack created for client MayleighRae.
L 04/15/2015 - 18:46:03: [BugFixes] WitchAttack char=0.
L 04/15/2015 - 18:46:04: [BugFixes] WitchAttack created for client MayleighRae.
L 04/15/2015 - 18:46:04: [BugFixes] WitchAttack char=0.
L 04/15/2015 - 18:46:05: [BugFixes] WitchAttack created for client MayleighRae.
L 04/15/2015 - 18:46:05: [BugFixes] WitchAttack char=0.
L 04/15/2015 - 18:46:55: [DefibFix] Save player(3) pos: -3041.799072 -675.811707 640.031250
L 04/15/2015 - 18:47:36: -------- Mapchange to c6m2_bedlam --------
L 04/15/2015 - 18:48:18: [basecommands.smx] "Console<0><Console><Console>" changed map to "c6m3_port"
L 04/15/2015 - 18:48:21: [SM] Changed map to "c6m3_port"
L 04/15/2015 - 18:48:22: -------- Mapchange to c6m3_port --------
L 04/15/2015 - 18:56:45: [DefibFix] Save player(4) pos: 471.700165 -42.640675 -6.145796
L 04/15/2015 - 18:58:11: [basecommands.smx] "Console<0><Console><Console>" changed map to "c6m3_port"
L 04/15/2015 - 18:58:14: [SM] Changed map to "c6m3_port"
L 04/15/2015 - 18:58:15: -------- Mapchange to c6m3_port --------
L 04/15/2015 - 19:03:50: [DefibFix] Save player(4) pos: 1342.641235 -213.711746 0.031250
L 04/15/2015 - 19:03:52: [DefibFix] Save player(3) pos: 60.544182 530.254883 55.245399
L 04/15/2015 - 19:04:09: [DefibFix] Save player(1) pos: -262.386658 -259.836456 0.412726
L 04/15/2015 - 19:04:40: [funcommands.smx] "Console<0><Console><Console>" toggled noclip on "MayleighRae<89><STEAM_1:1:59317550><>"
L 04/15/2015 - 19:06:04: [funcommands.smx] "Console<0><Console><Console>" toggled noclip on "MayleighRae<89><STEAM_1:1:59317550><>"
L 04/15/2015 - 19:06:30: [basecommands.smx] "Console<0><Console><Console>" changed map to "c6m3_port"
L 04/15/2015 - 19:06:33: [SM] Changed map to "c6m3_port"
L 04/15/2015 - 19:06:34: -------- Mapchange to c6m3_port --------
L 04/15/2015 - 19:10:19: [randomcycle.smx] RandomCycle has chosen c13m1_alpinecreek for the nextmap.
L 04/15/2015 - 19:10:53: [randomcycle.smx] RandomCycle has chosen c3m2_swamp for the nextmap.
L 04/15/2015 - 19:11:56: [DefibFix] Save player(3) pos: -659.530029 -160.789490 0.023307
L 04/15/2015 - 19:13:20: [DefibFix] Save player(4) pos: 615.780090 144.958481 -19.741459
L 04/15/2015 - 19:16:26: Log file closed.
L 04/15/2015 - 19:20:15: SourceMod log file session started (file "L20150415.log") (Version "1.7.0")
L 04/15/2015 - 19:20:15: -------- Mapchange to c1m1_hotel --------
L 04/15/2015 - 19:20:52: [randomcycle.smx] RandomCycle has chosen test_mall for the nextmap.
L 04/15/2015 - 19:22:17: [basecommands.smx] "Console<0><Console><Console>" changed map to "c13m4_cutthroatcreek"
L 04/15/2015 - 19:22:20: [SM] Changed map to "c13m4_cutthroatcreek"
L 04/15/2015 - 19:22:21: -------- Mapchange to c13m4_cutthroatcreek --------
L 04/15/2015 - 19:22:30: [randomcycle.smx] RandomCycle has chosen test_mall for the nextmap.
L 04/15/2015 - 19:22:44: [funcommands.smx] "Console<0><Console><Console>" toggled noclip on "RabidPancakes<2><STEAM_1:1:17626187><>"
L 04/15/2015 - 19:22:48: [DefibFix] Save player(4) pos: -2050.246094 -8442.560547 363.311584
L 04/15/2015 - 19:22:48: [DefibFix] Save player(3) pos: -2023.192993 -8424.712891 371.097473
L 04/15/2015 - 19:25:33: [basecommands.smx] "RabidPancakes<2><STEAM_1:1:17626187><>" executed config (file "server.cfg")
L 04/15/2015 - 19:26:28: [SM] Changed map to "test_mall"
L 04/15/2015 - 19:26:28: [SM] Changed map to "test_mall"
L 04/15/2015 - 19:26:29: -------- Mapchange to test_mall --------
L 04/15/2015 - 19:27:59: SourceMod log file session started (file "L20150415.log") (Version "1.7.0")
L 04/15/2015 - 19:27:59: -------- Mapchange to c1m1_hotel --------
L 04/15/2015 - 19:29:53: [basecommands.smx] "RabidPancakes<2><STEAM_1:1:17626187><>" changed map to "c2m5"
L 04/15/2015 - 19:29:56: [SM] Changed map to "c2m5"
L 04/15/2015 - 19:29:57: [basecommands.smx] "RabidPancakes<2><STEAM_1:1:17626187><>" changed map to "c2m5_concert"
L 04/15/2015 - 19:30:00: [SM] Changed map to "c2m5_concert"
L 04/15/2015 - 19:30:22: [basecommands.smx] "Console<0><Console><Console>" changed map to "c2m5_concert"
L 04/15/2015 - 19:30:25: [SM] Changed map to "c2m5_concert"
L 04/15/2015 - 19:31:06: [basecommands.smx] "Console<0><Console><Console>" changed map to "c2m5_concert"
L 04/15/2015 - 19:31:20: [SM] Changed map to "c2m5_concert"
L 04/15/2015 - 19:31:48: [basecommands.smx] "Console<0><Console><Console>" changed map to "c2m5_concert"
L 04/15/2015 - 19:31:51: [SM] Changed map to "c2m5_concert"
L 04/15/2015 - 19:32:25: [basecommands.smx] "Console<0><Console><Console>" changed map to "c1m4_atrium"
L 04/15/2015 - 19:32:28: [SM] Changed map to "c1m4_atrium"
L 04/15/2015 - 19:33:15: [funcommands.smx] "Console<0><Console><Console>" toggled noclip on "RabidPancakes<19><STEAM_1:1:17626187><>"
L 04/15/2015 - 19:33:42: [DefibFix] Save player(4) pos: 745.778625 5646.692871 2849.352539
L 04/15/2015 - 19:34:00: [DefibFix] Save player(3) pos: 675.478149 5783.772949 2847.269287
L 04/15/2015 - 19:35:57: [funcommands.smx] "RabidPancakes<19><STEAM_1:1:17626187><>" toggled noclip on "RabidPancakes<19><STEAM_1:1:17626187><>"
L 04/15/2015 - 19:36:05: [DefibFix] Save player(3) pos: 1367.882324 4805.958984 1633.044189
L 04/15/2015 - 19:37:12: [DefibFix] Save player(4) pos: 358.657898 5808.369629 2744.031250
L 04/15/2015 - 19:37:32: [DefibFix] Save player(2) pos: 331.025879 5646.043945 2656.031250
L 04/15/2015 - 19:41:56: [funcommands.smx] "RabidPancakes<183><STEAM_1:1:17626187><>" toggled noclip on "RabidPancakes<183><STEAM_1:1:17626187><>"
L 04/15/2015 - 19:42:12: [basecommands.smx] "Console<0><Console><Console>" changed map to "c1m4_atrium"
L 04/15/2015 - 19:42:15: [SM] Changed map to "c1m4_atrium"
L 04/15/2015 - 19:43:06: [funcommands.smx] "RabidPancakes<183><STEAM_1:1:17626187><>" toggled noclip on "RabidPancakes<183><STEAM_1:1:17626187><>"
L 04/15/2015 - 19:43:25: Log file closed.
L 04/15/2015 - 19:44:38: SourceMod log file session started (file "L20150415.log") (Version "1.7.0")
L 04/15/2015 - 19:44:38: -------- Mapchange to c1m1_hotel --------
L 04/15/2015 - 19:44:47: -------- Mapchange to c1m1_hotel --------
L 04/15/2015 - 19:45:23: [basecommands.smx] "Console<0><Console><Console>" changed map to "c1m4_atrium"
L 04/15/2015 - 19:45:26: [SM] Changed map to "c1m4_atrium"
L 04/15/2015 - 19:45:27: -------- Mapchange to c1m4_atrium --------
L 04/15/2015 - 19:46:24: [funcommands.smx] "RabidPancakes<2><STEAM_1:1:17626187><>" toggled noclip on "RabidPancakes<2><STEAM_1:1:17626187><>"
L 04/15/2015 - 19:46:47: [funcommands.smx] "RabidPancakes<2><STEAM_1:1:17626187><>" toggled noclip on "RabidPancakes<2><STEAM_1:1:17626187><>"
L 04/15/2015 - 19:47:41: [DefibFix] Save player(3) pos: -4654.457520 -3123.457520 0.031250
L 04/15/2015 - 19:48:01: [funcommands.smx] "RabidPancakes<2><STEAM_1:1:17626187><>" toggled noclip on "RabidPancakes<2><STEAM_1:1:17626187><>"
L 04/15/2015 - 19:48:53: [DefibFix] Save player(4) pos: -4318.410645 -2864.723389 0.031250
L 04/15/2015 - 19:49:26: -------- Mapchange to c1m1_hotel --------
L 04/15/2015 - 19:50:06: [basecommands.smx] "RabidPancakes<2><STEAM_1:1:17626187><>" kicked "walkingstickman<12><STEAM_1:1:46669468><>" (reason "")
L 04/15/2015 - 19:50:21: [funcommands.smx] "RabidPancakes<2><STEAM_1:1:17626187><>" toggled noclip on "RabidPancakes<2><STEAM_1:1:17626187><>"
L 04/15/2015 - 19:51:01: [funcommands.smx] "RabidPancakes<2><STEAM_1:1:17626187><>" toggled noclip on "RabidPancakes<2><STEAM_1:1:17626187><>"
L 04/15/2015 - 19:51:18: [funcommands.smx] "RabidPancakes<2><STEAM_1:1:17626187><>" toggled noclip on "RabidPancakes<2><STEAM_1:1:17626187><>"
L 04/15/2015 - 19:52:43: [DefibFix] Save player(6) pos: 863.968750 5768.449219 2656.031250
L 04/15/2015 - 19:54:34: Log file closed.
L 04/15/2015 - 20:47:06: SourceMod log file session started (file "L20150415.log") (Version "1.7.0")
L 04/15/2015 - 20:47:06: -------- Mapchange to c1m1_hotel --------
L 04/15/2015 - 20:47:13: Log file closed.
L 04/15/2015 - 20:48:20: SourceMod log file session started (file "L20150415.log") (Version "1.7.0")
L 04/15/2015 - 20:48:20: -------- Mapchange to c1m1_hotel --------
L 04/15/2015 - 20:53:57: -------- Mapchange to c1m2_streets --------
L 04/15/2015 - 21:01:10: [DefibFix] Save player(3) pos: -8641.012695 -3082.704834 402.031250
L 04/15/2015 - 21:01:24: [DefibFix] Save player(4) pos: -8418.356445 -3188.945801 384.031250
L 04/15/2015 - 21:01:47: [DefibFix] Save player(2) pos: -8515.370117 -2944.552246 402.031250
L 04/15/2015 - 21:03:22: -------- Mapchange to c1m3_mall --------
L 04/15/2015 - 21:05:25: [BugFixes] WitchAttack created for client MayleighRae.
L 04/15/2015 - 21:05:25: [BugFixes] WitchAttack char=0.
L 04/15/2015 - 21:07:25: [DefibFix] Save player(3) pos: 1914.108521 -2669.381104 538.972229
L 04/15/2015 - 21:12:25: -------- Mapchange to c1m4_atrium --------
L 04/15/2015 - 21:13:45: Log file closed.
L 04/15/2015 - 21:14:34: SourceMod log file session started (file "L20150415.log") (Version "1.7.0")
L 04/15/2015 - 21:14:34: -------- Mapchange to c1m1_hotel --------
L 04/15/2015 - 21:14:59: [randomcycle.smx] RandomCycle has chosen test_box2 for the nextmap.
L 04/15/2015 - 21:15:53: [funcommands.smx] "RabidPancakes<2><STEAM_1:1:17626187><>" toggled noclip on "RabidPancakes<2><STEAM_1:1:17626187><>"
L 04/15/2015 - 21:16:16: [funcommands.smx] "MayleighRae<3><STEAM_1:1:59317550><>" toggled noclip on "MayleighRae<3><STEAM_1:1:59317550><>"
L 04/15/2015 - 21:16:47: [DefibFix] Save player(5) pos: 427.865082 6454.073242 1544.017090
L 04/15/2015 - 21:18:07: [funcommands.smx] "MayleighRae<3><STEAM_1:1:59317550><>" toggled noclip on "MayleighRae<3><STEAM_1:1:59317550><>"
L 04/15/2015 - 21:18:25: [DefibFix] Save player(3) pos: 1196.376343 7099.483887 1548.634888
L 04/15/2015 - 21:18:33: [DefibFix] Save player(4) pos: 43.693825 7496.813965 1746.348267
L 04/15/2015 - 21:20:02: Log file closed.
L 04/15/2015 - 21:20:11: SourceMod log file session started (file "L20150415.log") (Version "1.7.0")
L 04/15/2015 - 21:20:11: -------- Mapchange to c1m1_hotel --------
L 04/15/2015 - 21:21:49: [DefibFix] Save player(5) pos: 1015.889771 5645.729492 2656.031250
L 04/15/2015 - 21:22:37: [DefibFix] Save player(4) pos: 1503.968750 5568.342285 2656.031250
L 04/15/2015 - 21:24:06: [DefibFix] Save player(7) pos: 1836.037354 7499.968750 2499.281006
L 04/15/2015 - 21:26:36: -------- Mapchange to c1m2_streets --------
L 04/15/2015 - 21:28:34: Log file closed.
L 04/15/2015 - 21:28:43: SourceMod log file session started (file "L20150415.log") (Version "1.7.0")
L 04/15/2015 - 21:28:43: -------- Mapchange to c1m1_hotel --------
L 04/15/2015 - 21:30:44: [DefibFix] Save player(3) pos: 592.137085 5654.927734 2847.763916
L 04/15/2015 - 21:31:17: [DefibFix] Save player(4) pos: 486.149292 5712.151855 2848.031250
L 04/15/2015 - 21:34:40: Log file closed.
L 04/15/2015 - 21:34:46: SourceMod log file session started (file "L20150415.log") (Version "1.7.0")
L 04/15/2015 - 21:34:46: -------- Mapchange to c1m1_hotel --------
L 04/15/2015 - 21:36:05: [DefibFix] Save player(4) pos: 565.019836 5613.760254 2849.735596
L 04/15/2015 - 21:36:56: [DefibFix] Save player(1) pos: 566.627930 5579.588379 2656.031250
L 04/15/2015 - 21:37:07: [basecommands.smx] "Console<0><Console><Console>" changed map to "c2m5_concert"
L 04/15/2015 - 21:37:10: [SM] Changed map to "c2m5_concert"
L 04/15/2015 - 21:37:16: -------- Mapchange to c2m5_concert --------
L 04/15/2015 - 21:38:34: [funcommands.smx] "RabidPancakes<2><STEAM_1:1:17626187><>" toggled noclip on "RabidPancakes<2><STEAM_1:1:17626187><>"
L 04/15/2015 - 21:38:46: [funcommands.smx] "MayleighRae<3><STEAM_1:1:59317550><>" toggled noclip on "MayleighRae<3><STEAM_1:1:59317550><>"
L 04/15/2015 - 21:41:18: [funcommands.smx] "RabidPancakes<2><STEAM_1:1:17626187><>" toggled noclip on "RabidPancakes<2><STEAM_1:1:17626187><>"
L 04/15/2015 - 21:41:44: [DefibFix] Save player(5) pos: -2152.700439 3183.968750 -255.968750
L 04/15/2015 - 21:41:53: [DefibFix] Save player(4) pos: -2873.191895 3159.768555 -255.968750
L 04/15/2015 - 21:43:42: [DefibFix] Save player(2) pos: -2348.109131 3363.543945 -175.968750
L 04/15/2015 - 21:47:09: [funcommands.smx] "RabidPancakes<2><STEAM_1:1:17626187><>" toggled noclip on "RabidPancakes<2><STEAM_1:1:17626187><>"
L 04/15/2015 - 21:47:33: [funcommands.smx] "MayleighRae<3><STEAM_1:1:59317550><>" toggled noclip on "MayleighRae<3><STEAM_1:1:59317550><>"
L 04/15/2015 - 21:48:31: [funcommands.smx] "RabidPancakes<2><STEAM_1:1:17626187><>" toggled noclip on "RabidPancakes<2><STEAM_1:1:17626187><>"
L 04/15/2015 - 21:49:56: [DefibFix] Save player(4) pos: -2252.736816 2863.508057 -255.968750
L 04/15/2015 - 21:50:49: [DefibFix] Save player(5) pos: -1923.183838 3034.964111 -255.968750
L 04/15/2015 - 21:58:56: SourceMod log file session started (file "L20150415.log") (Version "1.7.0")
L 04/15/2015 - 21:58:56: -------- Mapchange to c1m1_hotel --------
L 04/15/2015 - 22:00:31: [basecommands.smx] "Console<0><Console><Console>" changed map to "c5m5_bridge"
L 04/15/2015 - 22:00:34: [SM] Changed map to "c5m5_bridge"
L 04/15/2015 - 22:00:38: -------- Mapchange to c5m5_bridge --------
L 04/15/2015 - 22:01:29: [funcommands.smx] "RabidPancakes<2><STEAM_1:1:17626187><>" toggled noclip on "RabidPancakes<2><STEAM_1:1:17626187><>"
L 04/15/2015 - 22:01:42: [funcommands.smx] "MayleighRae<12><STEAM_1:1:59317550><>" toggled noclip on "MayleighRae<12><STEAM_1:1:59317550><>"
L 04/15/2015 - 22:02:14: [funcommands.smx] "RabidPancakes<2><STEAM_1:1:17626187><>" toggled noclip on "RabidPancakes<2><STEAM_1:1:17626187><>"
L 04/15/2015 - 22:02:15: [funcommands.smx] "MayleighRae<12><STEAM_1:1:59317550><>" toggled noclip on "MayleighRae<12><STEAM_1:1:59317550><>"
L 04/15/2015 - 22:02:23: [funcommands.smx] "RabidPancakes<2><STEAM_1:1:17626187><>" toggled noclip on "RabidPancakes<2><STEAM_1:1:17626187><>"
L 04/15/2015 - 22:02:26: [funcommands.smx] "MayleighRae<12><STEAM_1:1:59317550><>" toggled noclip on "MayleighRae<12><STEAM_1:1:59317550><>"
L 04/15/2015 - 22:02:37: [DefibFix] Save player(4) pos: -2171.254150 5847.142090 -191.962891
L 04/15/2015 - 22:02:40: [DefibFix] Save player(5) pos: 2517.318115 5587.713379 -191.965805
L 04/15/2015 - 22:02:45: [funcommands.smx] "RabidPancakes<2><STEAM_1:1:17626187><>" toggled noclip on "RabidPancakes<2><STEAM_1:1:17626187><>"
L 04/15/2015 - 22:02:52: [funcommands.smx] "MayleighRae<12><STEAM_1:1:59317550><>" toggled noclip on "MayleighRae<12><STEAM_1:1:59317550><>"
L 04/15/2015 - 22:02:55: [BugFixes] VenchicleLeaving 2
L 04/15/2015 - 22:04:15: -------- Mapchange to c8m1_apartment --------
L 04/15/2015 - 22:05:21: [BugFixes] WitchAttack created for client MayleighRae.
L 04/15/2015 - 22:05:21: [BugFixes] WitchAttack char=0.
L 04/15/2015 - 22:05:21: [BugFixes] WitchAttack created for client MayleighRae.
L 04/15/2015 - 22:05:21: [BugFixes] WitchAttack char=1149657088.
L 04/15/2015 - 22:05:21: [BugFixes] WitchAttack created for client MayleighRae.
L 04/15/2015 - 22:05:21: [BugFixes] WitchAttack char=8.
L 04/15/2015 - 22:05:21: [BugFixes] WitchAttack created for client MayleighRae.
L 04/15/2015 - 22:05:21: [BugFixes] WitchAttack char=8.
L 04/15/2015 - 22:05:21: [BugFixes] WitchAttack created for client MayleighRae.
L 04/15/2015 - 22:05:21: [BugFixes] WitchAttack char=8.
L 04/15/2015 - 22:05:22: [BugFixes] WitchAttack created for client MayleighRae.
L 04/15/2015 - 22:05:22: [BugFixes] WitchAttack char=-144788400.
L 04/15/2015 - 22:05:52: [DefibFix] Save player(3) pos: 1869.389282 720.019897 160.031250
L 04/15/2015 - 22:07:20: [DefibFix] Save player(2) pos: 3023.968750 2981.640381 -239.968750
L 04/15/2015 - 22:07:56: [DefibFix] Save player(5) pos: 2968.999268 3056.817627 -239.968750
L 04/15/2015 - 22:08:39: Log file closed.
